0 info it worked if it ends with ok
1 verbose cli [ '/usr/local/bin/node',
1 verbose cli   '/usr/local/bin/npm',
1 verbose cli   'install',
1 verbose cli   '-g',
1 verbose cli   'hexo' ]
2 info using npm@2.14.7
3 info using node@v4.2.1
4 verbose install initial load of /usr/local/lib/package.json
5 verbose readDependencies loading dependencies from /usr/local/lib/package.json
6 silly cache add args [ 'hexo', null ]
7 verbose cache add spec hexo
8 silly cache add parsed spec Result {
8 silly cache add   raw: 'hexo',
8 silly cache add   scope: null,
8 silly cache add   name: 'hexo',
8 silly cache add   rawSpec: '',
8 silly cache add   spec: '*',
8 silly cache add   type: 'range' }
9 silly addNamed hexo@*
10 verbose addNamed "*" is a valid semver range for hexo
11 silly addNameRange { name: 'hexo', range: '*', hasData: false }
12 silly mapToRegistry name hexo
13 silly mapToRegistry using default registry
14 silly mapToRegistry registry https://registry.npm.taobao.org/
15 silly mapToRegistry uri https://registry.npm.taobao.org/hexo
16 verbose addNameRange registry:https://registry.npm.taobao.org/hexo not in flight; fetching
17 verbose request uri https://registry.npm.taobao.org/hexo
18 verbose request no auth needed
19 info attempt registry request try #1 at 15:43:35
20 verbose request id 0a88ebaf20fffdbe
21 http request GET https://registry.npm.taobao.org/hexo
22 http 200 https://registry.npm.taobao.org/hexo
23 verbose headers { date: 'Sat, 09 Jul 2016 07:43:36 GMT',
23 verbose headers   'content-type': 'application/json; charset=utf-8',
23 verbose headers   'content-length': '178101',
23 verbose headers   connection: 'keep-alive',
23 verbose headers   etag: '"2b7b5-AQIuj2apa/gIZAZUIKvljg"',
23 verbose headers   'x-readtime': '93' }
24 silly get cb [ 200,
24 silly get   { date: 'Sat, 09 Jul 2016 07:43:36 GMT',
24 silly get     'content-type': 'application/json; charset=utf-8',
24 silly get     'content-length': '178101',
24 silly get     connection: 'keep-alive',
24 silly get     etag: '"2b7b5-AQIuj2apa/gIZAZUIKvljg"',
24 silly get     'x-readtime': '93' } ]
25 verbose get saving hexo to /Users/taofangxin/.npm/registry.npm.taobao.org/hexo/.cache.json
26 silly addNameRange number 2 { name: 'hexo', range: '*', hasData: true }
27 silly addNameRange versions [ 'hexo',
27 silly addNameRange   [ '3.2.2',
27 silly addNameRange     '3.2.1',
27 silly addNameRange     '3.2.0',
27 silly addNameRange     '3.2.0-beta.2',
27 silly addNameRange     '3.2.0-beta.1',
27 silly addNameRange     '3.1.1',
27 silly addNameRange     '3.1.0',
27 silly addNameRange     '3.0.1',
27 silly addNameRange     '3.0.0',
27 silly addNameRange     '3.0.0-rc.4',
27 silly addNameRange     '3.0.0-rc.3',
27 silly addNameRange     '3.0.0-rc.2',
27 silly addNameRange     '3.0.0-rc.1',
27 silly addNameRange     '3.0.0-beta.4',
27 silly addNameRange     '3.0.0-beta.3',
27 silly addNameRange     '3.0.0-beta.2',
27 silly addNameRange     '3.0.0-beta.1',
27 silly addNameRange     '2.8.3',
27 silly addNameRange     '2.8.2',
27 silly addNameRange     '2.8.1',
27 silly addNameRange     '2.8.0',
27 silly addNameRange     '2.7.1',
27 silly addNameRange     '2.7.0',
27 silly addNameRange     '2.6.3',
27 silly addNameRange     '2.6.2',
27 silly addNameRange     '2.6.1',
27 silly addNameRange     '2.6.0',
27 silly addNameRange     '2.5.7',
27 silly addNameRange     '2.5.6',
27 silly addNameRange     '2.5.5',
27 silly addNameRange     '2.5.4',
27 silly addNameRange     '2.5.3',
27 silly addNameRange     '1.1.2',
27 silly addNameRange     '2.5.2',
27 silly addNameRange     '2.5.1',
27 silly addNameRange     '2.4.5',
27 silly addNameRange     '2.4.4',
27 silly addNameRange     '2.4.3',
27 silly addNameRange     '2.4.2',
27 silly addNameRange     '2.4.1',
27 silly addNameRange     '2.4.0',
27 silly addNameRange     '2.3.0',
27 silly addNameRange     '2.2.1',
27 silly addNameRange     '2.2.0',
27 silly addNameRange     '2.1.1',
27 silly addNameRange     '2.1.0',
27 silly addNameRange     '2.0.7',
27 silly addNameRange     '2.0.6',
27 silly addNameRange     '2.0.5',
27 silly addNameRange     '2.0.4',
27 silly addNameRange     '2.0.3',
27 silly addNameRange     '2.0.2',
27 silly addNameRange     '2.0.1',
27 silly addNameRange     '2.0.0',
27 silly addNameRange     '2.0.0-rc3',
27 silly addNameRange     '2.0.0-beta1',
27 silly addNameRange     '2.0.0-rc2',
27 silly addNameRange     '2.0.0-rc1',
27 silly addNameRange     '2.0.0-beta2',
27 silly addNameRange     '1.2.4',
27 silly addNameRange     '1.2.3',
27 silly addNameRange     '1.2.2',
27 silly addNameRange     '1.2.1',
27 silly addNameRange     '1.2.0',
27 silly addNameRange     '1.1.4',
27 silly addNameRange     '1.1.3',
27 silly addNameRange     '1.1.1',
27 silly addNameRange     '1.1.0',
27 silly addNameRange     '1.0.9',
27 silly addNameRange     '1.0.8',
27 silly addNameRange     '1.0.7',
27 silly addNameRange     '1.0.6',
27 silly addNameRange     '1.0.5',
27 silly addNameRange     '1.0.4',
27 silly addNameRange     '1.0.3',
27 silly addNameRange     '1.0.2',
27 silly addNameRange     '1.0.1',
27 silly addNameRange     '1.0.0',
27 silly addNameRange     '0.5.12',
27 silly addNameRange     '0.5.11',
27 silly addNameRange     '0.5.10',
27 silly addNameRange     '0.5.9',
27 silly addNameRange     '0.5.8',
27 silly addNameRange     '0.5.7',
27 silly addNameRange     '0.5.6',
27 silly addNameRange     '0.5.5',
27 silly addNameRange     '0.5.4',
27 silly addNameRange     '0.5.3',
27 silly addNameRange     '0.5.2',
27 silly addNameRange     '0.5.1',
27 silly addNameRange     '0.5.0',
27 silly addNameRange     '0.4.5',
27 silly addNameRange     '0.4.4',
27 silly addNameRange     '0.4.3',
27 silly addNameRange     '0.4.2',
27 silly addNameRange     '0.4.1',
27 silly addNameRange     '0.4.0',
27 silly addNameRange     '0.3.2',
27 silly addNameRange     '0.3.1',
27 silly addNameRange     '0.3.0',
27 silly addNameRange     '0.2.1',
27 silly addNameRange     '0.2.0',
27 silly addNameRange     '0.1.11',
27 silly addNameRange     '0.1.10',
27 silly addNameRange     '0.1.9',
27 silly addNameRange     '0.1.8',
27 silly addNameRange     '0.1.7',
27 silly addNameRange     '0.1.6',
27 silly addNameRange     '0.1.5',
27 silly addNameRange     '0.1.4',
27 silly addNameRange     '0.1.3',
27 silly addNameRange     '0.1.2',
27 silly addNameRange     '0.1.1',
27 silly addNameRange     '0.1.0',
27 silly addNameRange     '0.0.6',
27 silly addNameRange     '0.0.5',
27 silly addNameRange     '0.0.4',
27 silly addNameRange     '0.0.3',
27 silly addNameRange     '0.0.2',
27 silly addNameRange     '0.0.1' ] ]
28 silly addNamed hexo@3.2.2
29 verbose addNamed "3.2.2" is a plain semver version for hexo
30 silly mapToRegistry name hexo
31 silly mapToRegistry using default registry
32 silly mapToRegistry registry https://registry.npm.taobao.org/
33 silly mapToRegistry uri https://registry.npm.taobao.org/hexo
34 verbose addRemoteTarball https://registry.npm.taobao.org/hexo/download/hexo-3.2.2.tgz not in flight; adding
35 verbose addRemoteTarball [ 'https://registry.npm.taobao.org/hexo/download/hexo-3.2.2.tgz',
35 verbose addRemoteTarball   '9b8e7022aec95e02021cec140afd7888d4ceb931' ]
36 info retry fetch attempt 1 at 15:43:36
37 info attempt registry request try #1 at 15:43:36
38 http fetch GET https://registry.npm.taobao.org/hexo/download/hexo-3.2.2.tgz
39 http fetch 200 https://registry.npm.taobao.org/hexo/download/hexo-3.2.2.tgz
40 silly fetchAndShaCheck shasum 9b8e7022aec95e02021cec140afd7888d4ceb931
41 verbose addTmpTarball /var/folders/vh/zs8t7vjd5sq3mr3f7nh4w7340000gn/T/npm-1031-128864b7/registry.npm.taobao.org/hexo/download/hexo-3.2.2.tgz not in flight; adding
42 verbose addTmpTarball already have metadata; skipping unpack for hexo@3.2.2
43 silly cache afterAdd hexo@3.2.2
44 verbose afterAdd /Users/taofangxin/.npm/hexo/3.2.2/package/package.json not in flight; writing
45 verbose afterAdd /Users/taofangxin/.npm/hexo/3.2.2/package/package.json written
46 silly install resolved [ { name: 'hexo',
46 silly install resolved     version: '3.2.2',
46 silly install resolved     description: 'A fast, simple & powerful blog framework, powered by Node.js.',
46 silly install resolved     main: 'lib/hexo',
46 silly install resolved     bin: { hexo: './bin/hexo' },
46 silly install resolved     scripts:
46 silly install resolved      { eslint: 'eslint .',
46 silly install resolved        jscs: 'jscs .',
46 silly install resolved        test: 'mocha test/index.js',
46 silly install resolved        'test-cov': 'istanbul cover --print both _mocha -- test/index.js' },
46 silly install resolved     directories: { lib: './lib', bin: './bin' },
46 silly install resolved     repository: { type: 'git', url: 'git+https://github.com/hexojs/hexo.git' },
46 silly install resolved     homepage: 'https://hexo.io/',
46 silly install resolved     keywords: [ 'website', 'blog', 'cms', 'framework', 'hexo' ],
46 silly install resolved     author:
46 silly install resolved      { name: 'Tommy Chen',
46 silly install resolved        email: 'tommy351@gmail.com',
46 silly install resolved        url: 'http://zespia.tw' },
46 silly install resolved     license: 'MIT',
46 silly install resolved     dependencies:
46 silly install resolved      { abbrev: '^1.0.7',
46 silly install resolved        archy: '^1.0.0',
46 silly install resolved        bluebird: '^3.4.0',
46 silly install resolved        chalk: '^1.1.3',
46 silly install resolved        cheerio: '^0.20.0',
46 silly install resolved        'hexo-cli': '^1.0.2',
46 silly install resolved        'hexo-front-matter': '^0.2.2',
46 silly install resolved        'hexo-fs': '^0.1.5',
46 silly install resolved        'hexo-i18n': '^0.2.1',
46 silly install resolved        'hexo-log': '^0.1.2',
46 silly install resolved        'hexo-util': '^0.6.0',
46 silly install resolved        'js-yaml': '^3.6.1',
46 silly install resolved        lodash: '^4.13.1',
46 silly install resolved        minimatch: '^3.0.0',
46 silly install resolved        moment: '~2.13.0',
46 silly install resolved        'moment-timezone': '^0.5.4',
46 silly install resolved        nunjucks: '^2.4.2',
46 silly install resolved        'pretty-hrtime': '^1.0.2',
46 silly install resolved        'strip-indent': '^1.0.1',
46 silly install resolved        swig: '1.4.2',
46 silly install resolved        'swig-extras': '0.0.1',
46 silly install resolved        'text-table': '^0.2.0',
46 silly install resolved        tildify: '^1.2.0',
46 silly install resolved        titlecase: '^1.1.2',
46 silly install resolved        warehouse: '^2.2.0' },
46 silly install resolved     devDependencies:
46 silly install resolved      { chai: '^3.5.0',
46 silly install resolved        'chai-as-promised': '^5.3.0',
46 silly install resolved        eslint: '^2.12.0',
46 silly install resolved        'eslint-config-hexo': '^1.0.3',
46 silly install resolved        'hexo-renderer-marked': '^0.2.10',
46 silly install resolved        istanbul: '^0.4.3',
46 silly install resolved        jscs: '^3.0.4',
46 silly install resolved        'jscs-preset-hexo': '^1.0.1',
46 silly install resolved        mocha: '^2.5.3',
46 silly install resolved        rewire: '^2.5.1',
46 silly install resolved        sinon: '^1.17.4' },
46 silly install resolved     gitHead: '792bbb4ed70625d76be0920edb700faf05848108',
46 silly install resolved     bugs: { url: 'https://github.com/hexojs/hexo/issues' },
46 silly install resolved     _id: 'hexo@3.2.2',
46 silly install resolved     _shasum: '9b8e7022aec95e02021cec140afd7888d4ceb931',
46 silly install resolved     _from: 'hexo@*',
46 silly install resolved     _npmVersion: '3.7.1',
46 silly install resolved     _nodeVersion: '4.3.0',
46 silly install resolved     _npmUser: { name: 'tommy351', email: 'tommy351@gmail.com' },
46 silly install resolved     dist:
46 silly install resolved      { shasum: '9b8e7022aec95e02021cec140afd7888d4ceb931',
46 silly install resolved        size: 52379,
46 silly install resolved        noattachment: false,
46 silly install resolved        tarball: 'http://registry.npm.taobao.org/hexo/download/hexo-3.2.2.tgz' },
46 silly install resolved     maintainers: [ [Object] ],
46 silly install resolved     _npmOperationalInternal:
46 silly install resolved      { host: 'packages-16-east.internal.npmjs.com',
46 silly install resolved        tmp: 'tmp/hexo-3.2.2.tgz_1467150015643_0.03122628154233098' },
46 silly install resolved     publish_time: 1467150018127,
46 silly install resolved     _cnpm_publish_time: 1467150018127,
46 silly install resolved     _resolved: 'https://registry.npm.taobao.org/hexo/download/hexo-3.2.2.tgz' } ]
47 info install hexo@3.2.2 into /usr/local/lib
48 info installOne hexo@3.2.2
49 verbose installOne of hexo to /usr/local/lib not in flight; installing
50 verbose lock using /Users/taofangxin/.npm/_locks/hexo-eabe9ea76eaf84ee.lock for /usr/local/lib/node_modules/hexo
51 silly install write writing hexo 3.2.2 to /usr/local/lib/node_modules/hexo
52 verbose unbuild lib/node_modules/hexo
53 silly gentlyRm /usr/local/lib/node_modules/hexo is being purged from base /usr/local
54 verbose gentlyRm don't care about contents; nuking /usr/local/lib/node_modules/hexo
55 verbose tar unpack /Users/taofangxin/.npm/hexo/3.2.2/package.tgz
56 verbose tar unpacking to /usr/local/lib/node_modules/hexo
57 silly gentlyRm /usr/local/lib/node_modules/hexo is being purged
58 verbose gentlyRm don't care about contents; nuking /usr/local/lib/node_modules/hexo
59 silly gunzTarPerm modes [ '755', '644' ]
60 error tar.unpack untar error /Users/taofangxin/.npm/hexo/3.2.2/package.tgz
61 verbose unlock done using /Users/taofangxin/.npm/_locks/hexo-eabe9ea76eaf84ee.lock for /usr/local/lib/node_modules/hexo
62 verbose fstream_path /usr/local/lib/node_modules/hexo
63 verbose fstream_type Directory
64 verbose fstream_class DirWriter
65 verbose stack Error: EACCES: permission denied, mkdir '/usr/local/lib/node_modules/hexo'
65 verbose stack     at Error (native)
66 verbose fstream_stack /usr/local/lib/node_modules/npm/node_modules/fstream/lib/dir-writer.js:35:25
66 verbose fstream_stack /usr/local/lib/node_modules/npm/node_modules/mkdirp/index.js:47:53
66 verbose fstream_stack FSReqWrap.oncomplete (fs.js:82:15)
67 verbose cwd /Users/taofangxin/develop/lankton.github.io/lankton.github.io
68 error Darwin 15.0.0
69 error argv "/usr/local/bin/node" "/usr/local/bin/npm" "install" "-g" "hexo"
70 error node v4.2.1
71 error npm  v2.14.7
72 error path /usr/local/lib/node_modules/hexo
73 error code EACCES
74 error errno -13
75 error syscall mkdir
76 error Error: EACCES: permission denied, mkdir '/usr/local/lib/node_modules/hexo'
76 error     at Error (native)
76 error  { [Error: EACCES: permission denied, mkdir '/usr/local/lib/node_modules/hexo']
76 error   errno: -13,
76 error   code: 'EACCES',
76 error   syscall: 'mkdir',
76 error   path: '/usr/local/lib/node_modules/hexo',
76 error   fstream_type: 'Directory',
76 error   fstream_path: '/usr/local/lib/node_modules/hexo',
76 error   fstream_class: 'DirWriter',
76 error   fstream_stack:
76 error    [ '/usr/local/lib/node_modules/npm/node_modules/fstream/lib/dir-writer.js:35:25',
76 error      '/usr/local/lib/node_modules/npm/node_modules/mkdirp/index.js:47:53',
76 error      'FSReqWrap.oncomplete (fs.js:82:15)' ] }
77 error Please try running this command again as root/Administrator.
78 verbose exit [ -13, true ]
79 verbose unbuild lib/node_modules/hexo
80 silly gentlyRm /usr/local/lib/node_modules/hexo is being purged from base /usr/local
81 verbose gentlyRm don't care about contents; nuking /usr/local/lib/node_modules/hexo
